<?xml version="1.0" encoding="UTF-8"?>
<testsuite xmlns:xsi="http://www.w3.org/2001/XMLSchema-instance" xsi:noNamespaceSchemaLocation="https://maven.apache.org/surefire/maven-failsafe-plugin/xsd/failsafe-test-report-3.0.xsd" version="3.0" name="com.ofc.management.ManagementApplicationIT" time="21.389" tests="1" errors="0" skipped="0" failures="0">
  <properties>
[...]
</properties>
  <testcase name="contextLoads" classname="com.ofc.management.ManagementApplicationIT" time="0.181">
    <system-out><![CDATA[16:54:44.152 [main] DEBUG org.springframework.boot.test.context.SpringBootTestContextBootstrapper - Neither @ContextConfiguration nor @ContextHierarchy found for test class [ManagementApplicationIT]: using SpringBootContextLoader
16:54:44.158 [main] DEBUG org.springframework.test.context.support.AbstractContextLoader - Could not detect default resource locations for test class [com.ofc.management.ManagementApplicationIT]: no resource found for suffixes {-context.xml, Context.groovy}.
16:54:44.159 [main] INFO org.springframework.test.context.support.AnnotationConfigContextLoaderUtils - Could not detect default configuration classes for test class [com.ofc.management.ManagementApplicationIT]: ManagementApplicationIT does not declare any static, non-private, non-final, nested classes annotated with @Configuration.
16:54:44.181 [main] DEBUG org.springframework.boot.test.context.SpringBootTestContextBootstrapper - Using ContextCustomizers for test class [ManagementApplicationIT]: [ExcludeFilterContextCustomizer, DuplicateJsonObjectContextCustomizer, MockitoContextCustomizer, TestRestTemplateContextCustomizer, DisableObservabilityContextCustomizer, PropertyMappingContextCustomizer, Customizer]
16:54:44.263 [main] DEBUG org.springframework.context.annotation.ClassPathScanningCandidateComponentProvider - Identified candidate component class: file [D:\Documentos\GitHub\management-backend\target\classes\com\ofc\management\ManagementApplication.class]
16:54:44.265 [main] INFO org.springframework.boot.test.context.SpringBootTestContextBootstrapper - Found @SpringBootConfiguration com.ofc.management.ManagementApplication for test class com.ofc.management.ManagementApplicationIT
16:54:44.380 [main] DEBUG org.springframework.boot.test.context.SpringBootTestContextBootstrapper - Using TestExecutionListeners for test class [ManagementApplicationIT]: [ServletTestExecutionListener, DirtiesContextBeforeModesTestExecutionListener, ApplicationEventsTestExecutionListener, MockitoTestExecutionListener, DependencyInjectionTestExecutionListener, DirtiesContextTestExecutionListener, TransactionalTestExecutionListener, SqlScriptsTestExecutionListener, EventPublishingTestExecutionListener, ResetMocksTestExecutionListener, RestDocsTestExecutionListener, MockRestServiceServerResetTestExecutionListener, MockMvcPrintOnlyOnFailureTestExecutionListener, WebDriverTestExecutionListener, MockWebServiceServerTestExecutionListener]
16:54:44.381 [main] DEBUG org.springframework.test.context.support.AbstractDirtiesContextTestExecutionListener - Before test class: class [ManagementApplicationIT], class annotated with @DirtiesContext [false] with mode [null]

  .   ____          _            __ _ _
 /\\ / ___'_ __ _ _(_)_ __  __ _ \ \ \ \
( ( )\___ | '_ | '_| | '_ \/ _` | \ \ \ \
 \\/  ___)| |_)| | | | | || (_| |  ) ) ) )
  '  |____| .__|_| |_|_| |_\__, | / / / /
 =========|_|==============|___/=/_/_/_/
 :: Spring Boot ::                (v3.0.2)

2023-02-25T16:54:44.694+01:00  INFO 23656 --- [           main] c.o.management.ManagementApplicationIT   : Starting ManagementApplicationIT using Java 17.0.4.1 with PID 23656 (started by Verdu in D:\Documentos\GitHub\management-backend)
2023-02-25T16:54:44.699+01:00  INFO 23656 --- [           main] c.o.management.ManagementApplicationIT   : No active profile set, falling back to 1 default profile: "default"
2023-02-25T16:54:45.359+01:00  INFO 23656 --- [           main] .s.d.r.c.RepositoryConfigurationDelegate : Bootstrapping Spring Data JPA repositories in DEFAULT mode.
2023-02-25T16:54:45.416+01:00  INFO 23656 --- [           main] .s.d.r.c.RepositoryConfigurationDelegate : Finished Spring Data repository scanning in 50 ms. Found 2 JPA repository interfaces.
2023-02-25T16:54:45.961+01:00  INFO 23656 --- [           main] o.f.c.internal.license.VersionPrinter    : Flyway Community Edition 9.5.1 by Redgate
2023-02-25T16:54:45.961+01:00  INFO 23656 --- [           main] o.f.c.internal.license.VersionPrinter    : See what's new here: https://flywaydb.org/documentation/learnmore/releaseNotes#9.5.1
2023-02-25T16:54:45.961+01:00  INFO 23656 --- [           main] o.f.c.internal.license.VersionPrinter    : 
2023-02-25T16:54:46.178+01:00  WARN 23656 --- [           main] o.flywaydb.core.internal.jdbc.JdbcUtils  : Connection error: Communications link failure

The last packet sent successfully to the server was 0 milliseconds ago. The driver has not received any packets from the server.
(Caused by Can not read response from server. Expected to read 4 bytes, read 0 bytes before connection was unexpectedly lost.)
Retrying in 1 sec...
2023-02-25T16:54:47.188+01:00  WARN 23656 --- [           main] o.flywaydb.core.internal.jdbc.JdbcUtils  : Connection error: Communications link failure

The last packet sent successfully to the server was 0 milliseconds ago. The driver has not received any packets from the server.
(Caused by Can not read response from server. Expected to read 4 bytes, read 0 bytes before connection was unexpectedly lost.)
Retrying in 2 sec...
2023-02-25T16:54:49.197+01:00  WARN 23656 --- [           main] o.flywaydb.core.internal.jdbc.JdbcUtils  : Connection error: Communications link failure

The last packet sent successfully to the server was 0 milliseconds ago. The driver has not received any packets from the server.
(Caused by Can not read response from server. Expected to read 4 bytes, read 0 bytes before connection was unexpectedly lost.)
Retrying in 4 sec...
2023-02-25T16:54:53.202+01:00  WARN 23656 --- [           main] o.flywaydb.core.internal.jdbc.JdbcUtils  : Connection error: Communications link failure

The last packet sent successfully to the server was 0 milliseconds ago. The driver has not received any packets from the server.
(Caused by Can not read response from server. Expected to read 4 bytes, read 0 bytes before connection was unexpectedly lost.)
Retrying in 8 sec...
2023-02-25T16:55:01.516+01:00  INFO 23656 --- [           main] o.f.c.i.database.base.BaseDatabaseType   : Database: jdbc:mysql://localhost:3308/ofc (MySQL 8.0)
2023-02-25T16:55:01.571+01:00  INFO 23656 --- [           main] o.f.core.internal.command.DbValidate     : Successfully validated 1 migration (execution time 00:00.022s)
2023-02-25T16:55:01.594+01:00  INFO 23656 --- [           main] o.f.c.i.s.JdbcTableSchemaHistory         : Creating Schema History table `ofc`.`flyway_schema_history` ...
2023-02-25T16:55:01.723+01:00  INFO 23656 --- [           main] o.f.core.internal.command.DbMigrate      : Current version of schema `ofc`: << Empty Schema >>
2023-02-25T16:55:01.741+01:00  INFO 23656 --- [           main] o.f.core.internal.command.DbMigrate      : Migrating schema `ofc` to version "001 - createTables"
2023-02-25T16:55:01.760+01:00  WARN 23656 --- [           main] o.f.c.i.s.DefaultSqlScriptExecutor       : DB: Unknown table 'ofc.concerts' (SQL State: 42S02 - Error Code: 1051)
2023-02-25T16:55:01.819+01:00  WARN 23656 --- [           main] o.f.c.i.s.DefaultSqlScriptExecutor       : DB: Unknown table 'ofc.rehersals' (SQL State: 42S02 - Error Code: 1051)
2023-02-25T16:55:01.889+01:00  WARN 23656 --- [           main] o.f.c.i.s.DefaultSqlScriptExecutor       : DB: Unknown table 'ofc.instruments' (SQL State: 42S02 - Error Code: 1051)
2023-02-25T16:55:01.952+01:00  WARN 23656 --- [           main] o.f.c.i.s.DefaultSqlScriptExecutor       : DB: Unknown table 'ofc.users' (SQL State: 42S02 - Error Code: 1051)
2023-02-25T16:55:02.025+01:00  WARN 23656 --- [           main] o.f.c.i.s.DefaultSqlScriptExecutor       : DB: Unknown table 'ofc.musicians_concerts' (SQL State: 42S02 - Error Code: 1051)
2023-02-25T16:55:02.102+01:00  WARN 23656 --- [           main] o.f.c.i.s.DefaultSqlScriptExecutor       : DB: Unknown table 'ofc.announcements' (SQL State: 42S02 - Error Code: 1051)
2023-02-25T16:55:02.175+01:00  WARN 23656 --- [           main] o.f.c.i.s.DefaultSqlScriptExecutor       : DB: Unknown table 'ofc.notifications' (SQL State: 42S02 - Error Code: 1051)
2023-02-25T16:55:02.274+01:00  INFO 23656 --- [           main] o.f.core.internal.command.DbMigrate      : Successfully applied 1 migration to schema `ofc`, now at version v001 (execution time 00:00.561s)
2023-02-25T16:55:02.390+01:00  INFO 23656 --- [           main] o.hibernate.jpa.internal.util.LogHelper  : HHH000204: Processing PersistenceUnitInfo [name: default]
2023-02-25T16:55:02.445+01:00  INFO 23656 --- [           main] org.hibernate.Version                    : HHH000412: Hibernate ORM core version 6.1.6.Final
2023-02-25T16:55:02.610+01:00  WARN 23656 --- [           main] org.hibernate.orm.deprecation            : HHH90000021: Encountered deprecated setting [javax.persistence.sharedCache.mode], use [jakarta.persistence.sharedCache.mode] instead
2023-02-25T16:55:02.759+01:00  INFO 23656 --- [           main] com.zaxxer.hikari.HikariDataSource       : HikariPool-1 - Starting...
2023-02-25T16:55:02.793+01:00  INFO 23656 --- [           main] com.zaxxer.hikari.pool.HikariPool        : HikariPool-1 - Added connection com.mysql.cj.jdbc.ConnectionImpl@48e74764
2023-02-25T16:55:02.795+01:00  INFO 23656 --- [           main] com.zaxxer.hikari.HikariDataSource       : HikariPool-1 - Start completed.
2023-02-25T16:55:02.831+01:00  INFO 23656 --- [           main] SQL dialect                              : HHH000400: Using dialect: org.hibernate.dialect.MySQLDialect
2023-02-25T16:55:04.205+01:00  INFO 23656 --- [           main] o.h.e.t.j.p.i.JtaPlatformInitiator       : HHH000490: Using JtaPlatform implementation: [org.hibernate.engine.transaction.jta.platform.internal.NoJtaPlatform]
2023-02-25T16:55:04.212+01:00  INFO 23656 --- [           main] j.LocalContainerEntityManagerFactoryBean : Initialized JPA EntityManagerFactory for persistence unit 'default'
2023-02-25T16:55:04.393+01:00  WARN 23656 --- [           main] JpaBaseConfiguration$JpaWebConfiguration : spring.jpa.open-in-view is enabled by default. Therefore, database queries may be performed during view rendering. Explicitly configure spring.jpa.open-in-view to disable this warning
2023-02-25T16:55:05.039+01:00  WARN 23656 --- [           main] .s.s.UserDetailsServiceAutoConfiguration : 

Using generated security password: 89614920-9343-490d-8dcb-f780755c6266

This generated password is for development use only. Your security configuration must be updated before running your application in production.

2023-02-25T16:55:05.144+01:00  INFO 23656 --- [           main] o.s.s.web.DefaultSecurityFilterChain     : Will secure any request with [org.springframework.security.web.session.DisableEncodeUrlFilter@510e0dd2, org.springframework.security.web.context.request.async.WebAsyncManagerIntegrationFilter@54a98358, org.springframework.security.web.context.SecurityContextHolderFilter@51e14cb6, org.springframework.security.web.header.HeaderWriterFilter@57def953, org.springframework.security.web.csrf.CsrfFilter@5e781b4f, org.springframework.security.web.authentication.logout.LogoutFilter@3b0d9da, org.springframework.security.web.authentication.UsernamePasswordAuthenticationFilter@1ae2028d, org.springframework.security.web.authentication.ui.DefaultLoginPageGeneratingFilter@62fa4a88, org.springframework.security.web.authentication.ui.DefaultLogoutPageGeneratingFilter@1f7853af, org.springframework.security.web.authentication.www.BasicAuthenticationFilter@17d25e1d, org.springframework.security.web.savedrequest.RequestCacheAwareFilter@4f239a76, org.springframework.security.web.servletapi.SecurityContextHolderAwareRequestFilter@4a2f1ae3, org.springframework.security.web.authentication.AnonymousAuthenticationFilter@2c56e044, org.springframework.security.web.access.ExceptionTranslationFilter@423791, org.springframework.security.web.access.intercept.AuthorizationFilter@4ed492df]
2023-02-25T16:55:05.175+01:00  INFO 23656 --- [           main] c.o.management.ManagementApplicationIT   : Started ManagementApplicationIT in 20.759 seconds (process running for 21.757)
]]></system-out>
  </testcase>
</testsuite>